This is pdfTeX, Version 3.14159265-2.6-1.40.21 (TeX Live 2020) (preloaded format=pdflatex 2021.3.15)  16 MAR 2021 19:17
entering extended mode
 restricted \write18 enabled.
 %&-line parsing enabled.
**practical.tex
(./practical.tex
LaTeX2e <2020-10-01> patch level 4
L3 programming layer <2021-02-18> (/Users/lucyvandorp/Library/TinyTeX/texmf-dis
t/tex/latex/base/article.cls
Document Class: article 2020/04/10 v1.4m Standard LaTeX document class
(/Users/lucyvandorp/Library/TinyTeX/texmf-dist/tex/latex/base/size10.clo
File: size10.clo 2020/04/10 v1.4m Standard LaTeX file (size option)
)
\c@part=\count179
\c@section=\count180
\c@subsection=\count181
\c@subsubsection=\count182
\c@paragraph=\count183
\c@subparagraph=\count184
\c@figure=\count185
\c@table=\count186
\abovecaptionskip=\skip47
\belowcaptionskip=\skip48
\bibindent=\dimen138
) (/Users/lucyvandorp/Library/TinyTeX/texmf-dist/tex/latex/lm/lmodern.sty
Package: lmodern 2009/10/30 v1.6 Latin Modern Fonts
LaTeX Font Info:    Overwriting symbol font `operators' in version `normal'
(Font)                  OT1/cmr/m/n --> OT1/lmr/m/n on input line 22.
LaTeX Font Info:    Overwriting symbol font `letters' in version `normal'
(Font)                  OML/cmm/m/it --> OML/lmm/m/it on input line 23.
LaTeX Font Info:    Overwriting symbol font `symbols' in version `normal'
(Font)                  OMS/cmsy/m/n --> OMS/lmsy/m/n on input line 24.
LaTeX Font Info:    Overwriting symbol font `largesymbols' in version `normal'
(Font)                  OMX/cmex/m/n --> OMX/lmex/m/n on input line 25.
LaTeX Font Info:    Overwriting symbol font `operators' in version `bold'
(Font)                  OT1/cmr/bx/n --> OT1/lmr/bx/n on input line 26.
LaTeX Font Info:    Overwriting symbol font `letters' in version `bold'
(Font)                  OML/cmm/b/it --> OML/lmm/b/it on input line 27.
LaTeX Font Info:    Overwriting symbol font `symbols' in version `bold'
(Font)                  OMS/cmsy/b/n --> OMS/lmsy/b/n on input line 28.
LaTeX Font Info:    Overwriting symbol font `largesymbols' in version `bold'
(Font)                  OMX/cmex/m/n --> OMX/lmex/m/n on input line 29.
LaTeX Font Info:    Overwriting math alphabet `\mathbf' in version `normal'
(Font)                  OT1/cmr/bx/n --> OT1/lmr/bx/n on input line 31.
LaTeX Font Info:    Overwriting math alphabet `\mathsf' in version `normal'
(Font)                  OT1/cmss/m/n --> OT1/lmss/m/n on input line 32.
LaTeX Font Info:    Overwriting math alphabet `\mathit' in version `normal'
(Font)                  OT1/cmr/m/it --> OT1/lmr/m/it on input line 33.
LaTeX Font Info:    Overwriting math alphabet `\mathtt' in version `normal'
(Font)                  OT1/cmtt/m/n --> OT1/lmtt/m/n on input line 34.
LaTeX Font Info:    Overwriting math alphabet `\mathbf' in version `bold'
(Font)                  OT1/cmr/bx/n --> OT1/lmr/bx/n on input line 35.
LaTeX Font Info:    Overwriting math alphabet `\mathsf' in version `bold'
(Font)                  OT1/cmss/bx/n --> OT1/lmss/bx/n on input line 36.
LaTeX Font Info:    Overwriting math alphabet `\mathit' in version `bold'
(Font)                  OT1/cmr/bx/it --> OT1/lmr/bx/it on input line 37.
LaTeX Font Info:    Overwriting math alphabet `\mathtt' in version `bold'
(Font)                  OT1/cmtt/m/n --> OT1/lmtt/m/n on input line 38.
) (/Users/lucyvandorp/Library/TinyTeX/texmf-dist/tex/latex/amsfonts/amssymb.sty
Package: amssymb 2013/01/14 v3.01 AMS font symbols
(/Users/lucyvandorp/Library/TinyTeX/texmf-dist/tex/latex/amsfonts/amsfonts.sty
Package: amsfonts 2013/01/14 v3.01 Basic AMSFonts support
\@emptytoks=\toks15
\symAMSa=\mathgroup4
\symAMSb=\mathgroup5
LaTeX Font Info:    Redeclaring math symbol \hbar on input line 98.
LaTeX Font Info:    Overwriting math alphabet `\mathfrak' in version `bold'
(Font)                  U/euf/m/n --> U/euf/b/n on input line 106.
)) (/Users/lucyvandorp/Library/TinyTeX/texmf-dist/tex/latex/amsmath/amsmath.sty
Package: amsmath 2020/09/23 v2.17i AMS math features
\@mathmargin=\skip49
For additional information on amsmath, use the `?' option.
(/Users/lucyvandorp/Library/TinyTeX/texmf-dist/tex/latex/amsmath/amstext.sty
Package: amstext 2000/06/29 v2.01 AMS text
(/Users/lucyvandorp/Library/TinyTeX/texmf-dist/tex/latex/amsmath/amsgen.sty
File: amsgen.sty 1999/11/30 v2.0 generic functions
\@emptytoks=\toks16
\ex@=\dimen139
)) (/Users/lucyvandorp/Library/TinyTeX/texmf-dist/tex/latex/amsmath/amsbsy.sty
Package: amsbsy 1999/11/29 v1.2d Bold Symbols
\pmbraise@=\dimen140
) (/Users/lucyvandorp/Library/TinyTeX/texmf-dist/tex/latex/amsmath/amsopn.sty
Package: amsopn 2016/03/08 v2.02 operator names
)
\inf@bad=\count187
LaTeX Info: Redefining \frac on input line 234.
\uproot@=\count188
\leftroot@=\count189
LaTeX Info: Redefining \overline on input line 399.
\classnum@=\count190
\DOTSCASE@=\count191
LaTeX Info: Redefining \ldots on input line 496.
LaTeX Info: Redefining \dots on input line 499.
LaTeX Info: Redefining \cdots on input line 620.
\Mathstrutbox@=\box47
\strutbox@=\box48
\big@size=\dimen141
LaTeX Font Info:    Redeclaring font encoding OML on input line 743.
LaTeX Font Info:    Redeclaring font encoding OMS on input line 744.
\macc@depth=\count192
\c@MaxMatrixCols=\count193
\dotsspace@=\muskip16
\c@parentequation=\count194
\dspbrk@lvl=\count195
\tag@help=\toks17
\row@=\count196
\column@=\count197
\maxfields@=\count198
\andhelp@=\toks18
\eqnshift@=\dimen142
\alignsep@=\dimen143
\tagshift@=\dimen144
\tagwidth@=\dimen145
\totwidth@=\dimen146
\lineht@=\dimen147
\@envbody=\toks19
\multlinegap=\skip50
\multlinetaggap=\skip51
\mathdisplay@stack=\toks20
LaTeX Info: Redefining \[ on input line 2923.
LaTeX Info: Redefining \] on input line 2924.
) (/Users/lucyvandorp/Library/TinyTeX/texmf-dist/tex/generic/iftex/ifxetex.sty
Package: ifxetex 2019/10/25 v0.7 ifxetex legacy package. Use iftex instead.
(/Users/lucyvandorp/Library/TinyTeX/texmf-dist/tex/generic/iftex/iftex.sty
Package: iftex 2020/03/06 v1.0d TeX engine tests
)) (/Users/lucyvandorp/Library/TinyTeX/texmf-dist/tex/generic/iftex/ifluatex.st
y
Package: ifluatex 2019/10/25 v1.5 ifluatex legacy package. Use iftex instead.
) (/Users/lucyvandorp/Library/TinyTeX/texmf-dist/tex/latex/base/fontenc.sty
Package: fontenc 2020/08/10 v2.0s Standard LaTeX package
LaTeX Font Info:    Trying to load font information for T1+lmr on input line 11
2.
(/Users/lucyvandorp/Library/TinyTeX/texmf-dist/tex/latex/lm/t1lmr.fd
File: t1lmr.fd 2009/10/30 v1.6 Font defs for Latin Modern
)) (/Users/lucyvandorp/Library/TinyTeX/texmf-dist/tex/latex/base/inputenc.sty
Package: inputenc 2020/08/01 v1.3d Input encoding file
\inpenc@prehook=\toks21
\inpenc@posthook=\toks22
) (/Users/lucyvandorp/Library/TinyTeX/texmf-dist/tex/latex/base/textcomp.sty
Package: textcomp 2020/02/02 v2.0n Standard LaTeX package
) (/Users/lucyvandorp/Library/TinyTeX/texmf-dist/tex/latex/xcolor/xcolor.sty
Package: xcolor 2016/05/11 v2.12 LaTeX color extensions (UK)

(/Users/lucyvandorp/Library/TinyTeX/texmf-dist/tex/latex/graphics-cfg/color.cfg
File: color.cfg 2016/01/02 v1.6 sample color configuration
)
Package xcolor Info: Driver file: pdftex.def on input line 225.

(/Users/lucyvandorp/Library/TinyTeX/texmf-dist/tex/latex/graphics-def/pdftex.de
f
File: pdftex.def 2020/10/05 v1.2a Graphics/color driver for pdftex
)
Package xcolor Info: Model `cmy' substituted by `cmy0' on input line 1348.
Package xcolor Info: Model `hsb' substituted by `rgb' on input line 1352.
Package xcolor Info: Model `RGB' extended on input line 1364.
Package xcolor Info: Model `HTML' substituted by `rgb' on input line 1366.
Package xcolor Info: Model `Hsb' substituted by `hsb' on input line 1367.
Package xcolor Info: Model `tHsb' substituted by `hsb' on input line 1368.
Package xcolor Info: Model `HSB' substituted by `hsb' on input line 1369.
Package xcolor Info: Model `Gray' substituted by `gray' on input line 1370.
Package xcolor Info: Model `wave' substituted by `hsb' on input line 1371.
) (/Users/lucyvandorp/Library/TinyTeX/texmf-dist/tex/latex/hyperref/hyperref.st
y
Package: hyperref 2021-02-27 v7.00k Hypertext links for LaTeX
(/Users/lucyvandorp/Library/TinyTeX/texmf-dist/tex/generic/ltxcmds/ltxcmds.sty
Package: ltxcmds 2020-05-10 v1.25 LaTeX kernel commands for general use (HO)
)
(/Users/lucyvandorp/Library/TinyTeX/texmf-dist/tex/generic/pdftexcmds/pdftexcmd
s.sty
Package: pdftexcmds 2020-06-27 v0.33 Utility functions of pdfTeX for LuaTeX (HO
)

(/Users/lucyvandorp/Library/TinyTeX/texmf-dist/tex/generic/infwarerr/infwarerr.
sty
Package: infwarerr 2019/12/03 v1.5 Providing info/warning/error messages (HO)
)
Package pdftexcmds Info: \pdf@primitive is available.
Package pdftexcmds Info: \pdf@ifprimitive is available.
Package pdftexcmds Info: \pdfdraftmode found.
) (/Users/lucyvandorp/Library/TinyTeX/texmf-dist/tex/latex/graphics/keyval.sty
Package: keyval 2014/10/28 v1.15 key=value parser (DPC)
\KV@toks@=\toks23
)
(/Users/lucyvandorp/Library/TinyTeX/texmf-dist/tex/generic/kvsetkeys/kvsetkeys.
sty
Package: kvsetkeys 2019/12/15 v1.18 Key value parser (HO)
)
(/Users/lucyvandorp/Library/TinyTeX/texmf-dist/tex/generic/kvdefinekeys/kvdefin
ekeys.sty
Package: kvdefinekeys 2019-12-19 v1.6 Define keys (HO)
)
(/Users/lucyvandorp/Library/TinyTeX/texmf-dist/tex/generic/pdfescape/pdfescape.
sty
Package: pdfescape 2019/12/09 v1.15 Implements pdfTeX's escape features (HO)
) (/Users/lucyvandorp/Library/TinyTeX/texmf-dist/tex/latex/hycolor/hycolor.sty
Package: hycolor 2020-01-27 v1.10 Color options for hyperref/bookmark (HO)
)
(/Users/lucyvandorp/Library/TinyTeX/texmf-dist/tex/latex/letltxmacro/letltxmacr
o.sty
Package: letltxmacro 2019/12/03 v1.6 Let assignment for LaTeX macros (HO)
) (/Users/lucyvandorp/Library/TinyTeX/texmf-dist/tex/latex/auxhook/auxhook.sty
Package: auxhook 2019-12-17 v1.6 Hooks for auxiliary files (HO)
)
(/Users/lucyvandorp/Library/TinyTeX/texmf-dist/tex/latex/kvoptions/kvoptions.st
y
Package: kvoptions 2020-10-07 v3.14 Key value format for package options (HO)
)
\@linkdim=\dimen148
\Hy@linkcounter=\count199
\Hy@pagecounter=\count266
(/Users/lucyvandorp/Library/TinyTeX/texmf-dist/tex/latex/hyperref/pd1enc.def
File: pd1enc.def 2021-02-27 v7.00k Hyperref: PDFDocEncoding definition (HO)
Now handling font encoding PD1 ...
... no UTF-8 mapping file for font encoding PD1
)
(/Users/lucyvandorp/Library/TinyTeX/texmf-dist/tex/latex/hyperref/hyperref-lang
patches.def
File: hyperref-langpatches.def 2021-02-27 v7.00k Hyperref: patches for babel la
nguages
) (/Users/lucyvandorp/Library/TinyTeX/texmf-dist/tex/generic/intcalc/intcalc.st
y
Package: intcalc 2019/12/15 v1.3 Expandable calculations with integers (HO)
)
(/Users/lucyvandorp/Library/TinyTeX/texmf-dist/tex/generic/etexcmds/etexcmds.st
y
Package: etexcmds 2019/12/15 v1.7 Avoid name clashes with e-TeX commands (HO)
)
\Hy@SavedSpaceFactor=\count267
(/Users/lucyvandorp/Library/TinyTeX/texmf-dist/tex/latex/hyperref/puenc.def
File: puenc.def 2021-02-27 v7.00k Hyperref: PDF Unicode definition (HO)
Now handling font encoding PU ...
... no UTF-8 mapping file for font encoding PU
)
Package hyperref Info: Option `unicode' set `true' on input line 4073.
Package hyperref Info: Hyper figures OFF on input line 4192.
Package hyperref Info: Link nesting OFF on input line 4197.
Package hyperref Info: Hyper index ON on input line 4200.
Package hyperref Info: Plain pages OFF on input line 4207.
Package hyperref Info: Backreferencing OFF on input line 4212.
Package hyperref Info: Implicit mode ON; LaTeX internals redefined.
Package hyperref Info: Bookmarks ON on input line 4445.
\c@Hy@tempcnt=\count268
(/Users/lucyvandorp/Library/TinyTeX/texmf-dist/tex/latex/url/url.sty
\Urlmuskip=\muskip17
Package: url 2013/09/16  ver 3.4  Verb mode for urls, etc.
)
LaTeX Info: Redefining \url on input line 4804.
\XeTeXLinkMargin=\dimen149
(/Users/lucyvandorp/Library/TinyTeX/texmf-dist/tex/generic/bitset/bitset.sty
Package: bitset 2019/12/09 v1.3 Handle bit-vector datatype (HO)

(/Users/lucyvandorp/Library/TinyTeX/texmf-dist/tex/generic/bigintcalc/bigintcal
c.sty
Package: bigintcalc 2019/12/15 v1.5 Expandable calculations on big integers (HO
)
))
\Fld@menulength=\count269
\Field@Width=\dimen150
\Fld@charsize=\dimen151
Package hyperref Info: Hyper figures OFF on input line 6075.
Package hyperref Info: Link nesting OFF on input line 6080.
Package hyperref Info: Hyper index ON on input line 6083.
Package hyperref Info: backreferencing OFF on input line 6090.
Package hyperref Info: Link coloring OFF on input line 6095.
Package hyperref Info: Link coloring with OCG OFF on input line 6100.
Package hyperref Info: PDF/A mode OFF on input line 6105.
LaTeX Info: Redefining \ref on input line 6145.
LaTeX Info: Redefining \pageref on input line 6149.
(/Users/lucyvandorp/Library/TinyTeX/texmf-dist/tex/latex/base/atbegshi-ltx.sty
Package: atbegshi-ltx 2020/08/17 v1.0a Emulation of the original atbegshi packa
ge
with kernel methods
)
\Hy@abspage=\count270
\c@Item=\count271
\c@Hfootnote=\count272
)
Package hyperref Info: Driver (autodetected): hpdftex.
(/Users/lucyvandorp/Library/TinyTeX/texmf-dist/tex/latex/hyperref/hpdftex.def
File: hpdftex.def 2021-02-27 v7.00k Hyperref driver for pdfTeX

(/Users/lucyvandorp/Library/TinyTeX/texmf-dist/tex/latex/base/atveryend-ltx.sty
Package: atveryend-ltx 2020/08/19 v1.0a Emulation of the original atvery packag
e
with kernel methods
)
\Fld@listcount=\count273
\c@bookmark@seq@number=\count274

(/Users/lucyvandorp/Library/TinyTeX/texmf-dist/tex/latex/rerunfilecheck/rerunfi
lecheck.sty
Package: rerunfilecheck 2019/12/05 v1.9 Rerun checks for auxiliary files (HO)

(/Users/lucyvandorp/Library/TinyTeX/texmf-dist/tex/generic/uniquecounter/unique
counter.sty
Package: uniquecounter 2019/12/15 v1.4 Provide unlimited unique counter (HO)
)
Package uniquecounter Info: New unique counter `rerunfilecheck' on input line 2
86.
)
\Hy@SectionHShift=\skip52
) (/Users/lucyvandorp/Library/TinyTeX/texmf-dist/tex/latex/geometry/geometry.st
y
Package: geometry 2020/01/02 v5.9 Page Geometry
(/Users/lucyvandorp/Library/TinyTeX/texmf-dist/tex/generic/iftex/ifvtex.sty
Package: ifvtex 2019/10/25 v1.7 ifvtex legacy package. Use iftex instead.
)
\Gm@cnth=\count275
\Gm@cntv=\count276
\c@Gm@tempcnt=\count277
\Gm@bindingoffset=\dimen152
\Gm@wd@mp=\dimen153
\Gm@odd@mp=\dimen154
\Gm@even@mp=\dimen155
\Gm@layoutwidth=\dimen156
\Gm@layoutheight=\dimen157
\Gm@layouthoffset=\dimen158
\Gm@layoutvoffset=\dimen159
\Gm@dimlist=\toks24
) (/Users/lucyvandorp/Library/TinyTeX/texmf-dist/tex/latex/fancyvrb/fancyvrb.st
y
Package: fancyvrb 2021/01/20 v3.7 verbatim text (tvz,hv)
\FV@CodeLineNo=\count278
\FV@InFile=\read2
\FV@TabBox=\box49
\c@FancyVerbLine=\count279
\FV@StepNumber=\count280
\FV@OutFile=\write3
) (/Users/lucyvandorp/Library/TinyTeX/texmf-dist/tex/latex/framed/framed.sty
Package: framed 2011/10/22 v 0.96: framed or shaded text with page breaks
\OuterFrameSep=\skip53
\fb@frw=\dimen160
\fb@frh=\dimen161
\FrameRule=\dimen162
\FrameSep=\dimen163
) (/Users/lucyvandorp/Library/TinyTeX/texmf-dist/tex/latex/graphics/graphicx.st
y
Package: graphicx 2020/09/09 v1.2b Enhanced LaTeX Graphics (DPC,SPQR)
(/Users/lucyvandorp/Library/TinyTeX/texmf-dist/tex/latex/graphics/graphics.sty
Package: graphics 2020/08/30 v1.4c Standard LaTeX Graphics (DPC,SPQR)
(/Users/lucyvandorp/Library/TinyTeX/texmf-dist/tex/latex/graphics/trig.sty
Package: trig 2016/01/03 v1.10 sin cos tan (DPC)
)
(/Users/lucyvandorp/Library/TinyTeX/texmf-dist/tex/latex/graphics-cfg/graphics.
cfg
File: graphics.cfg 2016/06/04 v1.11 sample graphics configuration
)
Package graphics Info: Driver file: pdftex.def on input line 105.
)
\Gin@req@height=\dimen164
\Gin@req@width=\dimen165
) (/Users/lucyvandorp/Library/TinyTeX/texmf-dist/tex/latex/grffile/grffile.sty
Package: grffile 2019/11/11 v2.1 Extended file name support for graphics (legac
y)
Package grffile Info: This package is an empty stub for compatibility on input 
line 40.
)
(/Users/lucyvandorp/Library/TinyTeX/texmf-dist/tex/latex/l3backend/l3backend-pd
ftex.def
File: l3backend-pdftex.def 2021-03-02 L3 backend support: PDF output (pdfTeX)
\l__color_backend_stack_int=\count281
\l__pdf_internal_box=\box50
) (./practical.aux

LaTeX Warning: Label `id' multiply defined.


LaTeX Warning: Label `id' multiply defined.


LaTeX Warning: Label `id' multiply defined.


LaTeX Warning: Label `id' multiply defined.


LaTeX Warning: Label `id' multiply defined.


LaTeX Warning: Label `id' multiply defined.


LaTeX Warning: Label `id' multiply defined.


LaTeX Warning: Label `id' multiply defined.


LaTeX Warning: Label `id' multiply defined.

)
\openout1 = `practical.aux'.

LaTeX Font Info:    Checking defaults for OML/cmm/m/it on input line 107.
LaTeX Font Info:    ... okay on input line 107.
LaTeX Font Info:    Checking defaults for OMS/cmsy/m/n on input line 107.
LaTeX Font Info:    ... okay on input line 107.
LaTeX Font Info:    Checking defaults for OT1/cmr/m/n on input line 107.
LaTeX Font Info:    ... okay on input line 107.
LaTeX Font Info:    Checking defaults for T1/cmr/m/n on input line 107.
LaTeX Font Info:    ... okay on input line 107.
LaTeX Font Info:    Checking defaults for TS1/cmr/m/n on input line 107.
LaTeX Font Info:    ... okay on input line 107.
LaTeX Font Info:    Checking defaults for OMX/cmex/m/n on input line 107.
LaTeX Font Info:    ... okay on input line 107.
LaTeX Font Info:    Checking defaults for U/cmr/m/n on input line 107.
LaTeX Font Info:    ... okay on input line 107.
LaTeX Font Info:    Checking defaults for PD1/pdf/m/n on input line 107.
LaTeX Font Info:    ... okay on input line 107.
LaTeX Font Info:    Checking defaults for PU/pdf/m/n on input line 107.
LaTeX Font Info:    ... okay on input line 107.

(/Users/lucyvandorp/Library/TinyTeX/texmf-dist/tex/latex/epstopdf-pkg/epstopdf-
base.sty
Package: epstopdf-base 2020-01-24 v2.11 Base part for package epstopdf
Package epstopdf-base Info: Redefining graphics rule for `.eps' on input line 4
85.

(/Users/lucyvandorp/Library/TinyTeX/texmf-dist/tex/latex/latexconfig/epstopdf-s
ys.cfg
File: epstopdf-sys.cfg 2010/07/13 v1.3 Configuration of (r)epstopdf for TeX Liv
e
))
Package hyperref Info: Link coloring OFF on input line 107.
(/Users/lucyvandorp/Library/TinyTeX/texmf-dist/tex/latex/hyperref/nameref.sty
Package: nameref 2021-04-02 v2.47 Cross-referencing by name of section
(/Users/lucyvandorp/Library/TinyTeX/texmf-dist/tex/latex/refcount/refcount.sty
Package: refcount 2019/12/15 v3.6 Data extraction from label references (HO)
)
(/Users/lucyvandorp/Library/TinyTeX/texmf-dist/tex/generic/gettitlestring/getti
tlestring.sty
Package: gettitlestring 2019/12/15 v1.6 Cleanup title references (HO)
)
\c@section@level=\count282
)
LaTeX Info: Redefining \ref on input line 107.
LaTeX Info: Redefining \pageref on input line 107.
LaTeX Info: Redefining \nameref on input line 107.
(./practical.out) (./practical.out)
\@outlinefile=\write4
\openout4 = `practical.out'.

*geometry* driver: auto-detecting
*geometry* detected driver: pdftex
*geometry* verbose mode - [ preamble ] result:
* driver: pdftex
* paper: <default>
* layout: <same size as paper>
* layoutoffset:(h,v)=(0.0pt,0.0pt)
* modes: 
* h-part:(L,W,R)=(72.26999pt, 469.75502pt, 72.26999pt)
* v-part:(T,H,B)=(72.26999pt, 650.43001pt, 72.26999pt)
* \paperwidth=614.295pt
* \paperheight=794.96999pt
* \textwidth=469.75502pt
* \textheight=650.43001pt
* \oddsidemargin=0.0pt
* \evensidemargin=0.0pt
* \topmargin=-37.0pt
* \headheight=12.0pt
* \headsep=25.0pt
* \topskip=10.0pt
* \footskip=30.0pt
* \marginparwidth=65.0pt
* \marginparsep=11.0pt
* \columnsep=10.0pt
* \skip\footins=9.0pt plus 4.0pt minus 2.0pt
* \hoffset=0.0pt
* \voffset=0.0pt
* \mag=1000
* \@twocolumnfalse
* \@twosidefalse
* \@mparswitchfalse
* \@reversemarginfalse
* (1in=72.27pt=25.4mm, 1cm=28.453pt)

LaTeX Font Info:    Trying to load font information for OT1+lmr on input line 1
09.
(/Users/lucyvandorp/Library/TinyTeX/texmf-dist/tex/latex/lm/ot1lmr.fd
File: ot1lmr.fd 2009/10/30 v1.6 Font defs for Latin Modern
)
LaTeX Font Info:    Trying to load font information for OML+lmm on input line 1
09.
(/Users/lucyvandorp/Library/TinyTeX/texmf-dist/tex/latex/lm/omllmm.fd
File: omllmm.fd 2009/10/30 v1.6 Font defs for Latin Modern
)
LaTeX Font Info:    Trying to load font information for OMS+lmsy on input line 
109.
(/Users/lucyvandorp/Library/TinyTeX/texmf-dist/tex/latex/lm/omslmsy.fd
File: omslmsy.fd 2009/10/30 v1.6 Font defs for Latin Modern
)
LaTeX Font Info:    Trying to load font information for OMX+lmex on input line 
109.
(/Users/lucyvandorp/Library/TinyTeX/texmf-dist/tex/latex/lm/omxlmex.fd
File: omxlmex.fd 2009/10/30 v1.6 Font defs for Latin Modern
)
LaTeX Font Info:    External font `lmex10' loaded for size
(Font)              <12> on input line 109.
LaTeX Font Info:    External font `lmex10' loaded for size
(Font)              <8> on input line 109.
LaTeX Font Info:    External font `lmex10' loaded for size
(Font)              <6> on input line 109.
LaTeX Font Info:    Trying to load font information for U+msa on input line 109
.
(/Users/lucyvandorp/Library/TinyTeX/texmf-dist/tex/latex/amsfonts/umsa.fd
File: umsa.fd 2013/01/14 v3.01 AMS symbols A
)
LaTeX Font Info:    Trying to load font information for U+msb on input line 109
.
(/Users/lucyvandorp/Library/TinyTeX/texmf-dist/tex/latex/amsfonts/umsb.fd
File: umsb.fd 2013/01/14 v3.01 AMS symbols B
) (./practical.toc)
\tf@toc=\write5
\openout5 = `practical.toc'.

LaTeX Font Info:    Trying to load font information for T1+lmtt on input line 1
28.
(/Users/lucyvandorp/Library/TinyTeX/texmf-dist/tex/latex/lm/t1lmtt.fd
File: t1lmtt.fd 2009/10/30 v1.6 Font defs for Latin Modern
)
<images/population_structure_schematic.png, id=41, 1456.44125pt x 965.6075pt>
File: images/population_structure_schematic.png Graphic file (type png)
<use images/population_structure_schematic.png>
Package pdftex.def Info: images/population_structure_schematic.png  used on inp
ut line 150.
(pdftex.def)             Requested size: 375.79897pt x 249.15135pt.
[1

{/Users/lucyvandorp/Library/TinyTeX/texmf-var/fonts/map/pdftex/updmap/pdftex.ma
p}]
<images/samples.png, id=60, 1210.5225pt x 727.71875pt>
File: images/samples.png Graphic file (type png)
<use images/samples.png>
Package pdftex.def Info: images/samples.png  used on input line 165.
(pdftex.def)             Requested size: 375.79376pt x 225.91249pt.
<images/simulation.png, id=62, 247.6452pt x 208.6194pt>
File: images/simulation.png Graphic file (type png)
<use images/simulation.png>
Package pdftex.def Info: images/simulation.png  used on input line 182.
(pdftex.def)             Requested size: 140.92871pt x 118.72011pt.
[2 <./images/population_structure_schematic.png> <./images/samples.png>]
LaTeX Font Info:    Trying to load font information for TS1+lmr on input line 1
90.
(/Users/lucyvandorp/Library/TinyTeX/texmf-dist/tex/latex/lm/ts1lmr.fd
File: ts1lmr.fd 2009/10/30 v1.6 Font defs for Latin Modern
)
LaTeX Font Info:    Font shape `T1/lmtt/bx/n' in size <10> not available
(Font)              Font shape `T1/lmtt/b/n' tried instead on input line 246.
[3pdfTeX warning (ext4): destination with the same identifier (name{id}) has be
en already used, duplicate ignored
<argument> ...shipout:D \box_use:N \l_shipout_box 
                                                  
l.254 \end{Shaded}
                   <./images/simulation.png>]pdfTeX warning (ext4): destination
 with the same identifier (name{id}) has been already used, duplicate ignored
<to be read again> 
                   \relax 
l.286 }
       
<images/admixture_plots.png, id=83, 1688.3075pt x 867.24pt>
File: images/admixture_plots.png Graphic file (type png)
<use images/admixture_plots.png>
Package pdftex.def Info: images/admixture_plots.png  used on input line 286.
(pdftex.def)             Requested size: 422.7714pt x 217.16676pt.
[4 <./images/admixture_plots.png>]
Overfull \hbox (4.52177pt too wide) in paragraph at lines 345--349
[]\T1/lmr/m/n/10 Second, sum the Chro-moPainterv2 out-put files from step 1(b) 
across chro-mo-somes: XX.chunkcounts.out,
 []

pdfTeX warning (ext4): destination with the same identifier (name{id}) has been
 already used, duplicate ignored
<to be read again> 
                   \relax 
l.362 }
       
<images/chromopainter_schematic.png, id=93, 1066.98625pt x 800.9925pt>
File: images/chromopainter_schematic.png Graphic file (type png)
<use images/chromopainter_schematic.png>
Package pdftex.def Info: images/chromopainter_schematic.png  used on input line
 362.
(pdftex.def)             Requested size: 234.86795pt x 176.31667pt.
[5 <./images/chromopainter_schematic.png>]
Overfull \hbox (2.02945pt too wide) in paragraph at lines 389--396
\T1/lmr/m/n/10 struc-tions man-ual. For this dataset, we paint each in-di-vid-u
al in \T1/lmtt/m/n/10 data/BrahuiYorubaSimulation.idfile.txt
 []

<images/chunklengths_heatmap.png, id=105, 904.37875pt x 920.43875pt>
File: images/chunklengths_heatmap.png Graphic file (type png)
<use images/chunklengths_heatmap.png>
Package pdftex.def Info: images/chunklengths_heatmap.png  used on input line 44
8.
(pdftex.def)             Requested size: 375.79318pt x 382.46652pt.
[6]pdfTeX warning (ext4): destination with the same identifier (name{id}) has b
een already used, duplicate ignored
<to be read again> 
                   \relax 
l.480 }
       
<images/finestructure_schematic.png, id=111, 1019.81pt x 850.17625pt>
File: images/finestructure_schematic.png Graphic file (type png)
<use images/finestructure_schematic.png>
Package pdftex.def Info: images/finestructure_schematic.png  used on input line
 480.
(pdftex.def)             Requested size: 234.87814pt x 195.80885pt.
[7 <./images/chunklengths_heatmap.png>] [8 <./images/finestructure_schematic.pn
g>]pdfTeX warning (ext4): destination with the same identifier (name{id}) has b
een already used, duplicate ignored
<to be read again> 
                   \relax 
l.588 }
       
<images/chunkcount_fs_heatmap.png, id=126, 917.4275pt x 927.465pt>
File: images/chunkcount_fs_heatmap.png Graphic file (type png)
<use images/chunkcount_fs_heatmap.png>
Package pdftex.def Info: images/chunkcount_fs_heatmap.png  used on input line 5
88.
(pdftex.def)             Requested size: 375.81175pt x 379.92346pt.
pdfTeX warning (ext4): destination with the same identifier (name{id}) has been
 already used, duplicate ignored
<to be read again> 
                   \relax 
l.643 }
       
<images/coincidence_matrix.png, id=127, 706.64pt x 690.58pt>
File: images/coincidence_matrix.png Graphic file (type png)
<use images/coincidence_matrix.png>
Package pdftex.def Info: images/coincidence_matrix.png  used on input line 643.

(pdftex.def)             Requested size: 281.85309pt x 275.44733pt.
[9] [10 <./images/chunkcount_fs_heatmap.png>] [11 <./images/coincidence_matrix.
png>]
Overfull \hbox (38.63301pt too wide) in paragraph at lines 729--734
[]\T1/lmr/m/n/10 File 2 (the paint-ing sam-ples file) will point to the \T1/lmt
t/m/n/10 output/BrahuiYorubaSimulationAdmixtureChrom22.samples.out
 []

pdfTeX warning (ext4): destination with the same identifier (name{id}) has been
 already used, duplicate ignored
<to be read again> 
                   \relax 
l.765 }
       
<images/GT_summary_figure.png, id=146, 1395.2125pt x 868.24374pt>
File: images/GT_summary_figure.png Graphic file (type png)
<use images/GT_summary_figure.png>
Package pdftex.def Info: images/GT_summary_figure.png  used on input line 765.
(pdftex.def)             Requested size: 375.79697pt x 233.85927pt.
LaTeX Font Info:    Trying to load font information for TS1+lmtt on input line 
779.
(/Users/lucyvandorp/Library/TinyTeX/texmf-dist/tex/latex/lm/ts1lmtt.fd
File: ts1lmtt.fd 2009/10/30 v1.6 Font defs for Latin Modern
) [12]pdfTeX warning (ext4): destination with the same identifier (name{id}) ha
s been already used, duplicate ignored
<to be read again> 
                   \relax 
l.811 }
       
<images/globetrotter_screenshot.png, id=155, 935.495pt x 658.46pt>
File: images/globetrotter_screenshot.png Graphic file (type png)
<use images/globetrotter_screenshot.png>
Package pdftex.def Info: images/globetrotter_screenshot.png  used on input line
 811.
(pdftex.def)             Requested size: 375.80438pt x 264.51468pt.
pdfTeX warning (ext4): destination with the same identifier (name{id}) has been
 already used, duplicate ignored
<to be read again> 
                   \relax 
l.848 }
       
<images/workflow.png, id=157, 788.9475pt x 552.0625pt>
File: images/workflow.png Graphic file (type png)
<use images/workflow.png>
Package pdftex.def Info: images/workflow.png  used on input line 848.
(pdftex.def)             Requested size: 375.80128pt x 262.96527pt.
[13 <./images/GT_summary_figure.png>] [14 <./images/globetrotter_screenshot.png
> <./images/workflow.png>] [15] (./practical.aux)

LaTeX Warning: There were multiply-defined labels.

Package rerunfilecheck Info: File `practical.out' has not changed.
(rerunfilecheck)             Checksum: 5600F98F20C0A5BB1FA8C34320FC5497;1458.
 ) 
Here is how much of TeX's memory you used:
 10565 strings out of 480970
 155807 string characters out of 5906852
 461241 words of memory out of 5000000
 27535 multiletter control sequences out of 15000+600000
 439575 words of font info for 55 fonts, out of 8000000 for 9000
 14 hyphenation exceptions out of 8191
 71i,6n,74p,334b,388s stack positions out of 5000i,500n,10000p,200000b,80000s
{/Users/lucyvandorp/Library/TinyTeX/texmf-dist/fonts/enc/dvips/lm/lm-ts1.enc}
{/Users/lucyvandorp/Library/TinyTeX/texmf-dist/fonts/enc/dvips/lm/lm-ec.enc}</U
sers/lucyvandorp/Library/TinyTeX/texmf-dist/fonts/type1/public/lm/lmbx10.pfb></
Users/lucyvandorp/Library/TinyTeX/texmf-dist/fonts/type1/public/lm/lmbx12.pfb><
/Users/lucyvandorp/Library/TinyTeX/texmf-dist/fonts/type1/public/lm/lmr10.pfb><
/Users/lucyvandorp/Library/TinyTeX/texmf-dist/fonts/type1/public/lm/lmr12.pfb><
/Users/lucyvandorp/Library/TinyTeX/texmf-dist/fonts/type1/public/lm/lmr17.pfb><
/Users/lucyvandorp/Library/TinyTeX/texmf-dist/fonts/type1/public/lm/lmri10.pfb>
</Users/lucyvandorp/Library/TinyTeX/texmf-dist/fonts/type1/public/lm/lmtk10.pfb
></Users/lucyvandorp/Library/TinyTeX/texmf-dist/fonts/type1/public/lm/lmtt10.pf
b></Users/lucyvandorp/Library/TinyTeX/texmf-dist/fonts/type1/public/lm/lmtti10.
pfb>
Output written on practical.pdf (15 pages, 7350877 bytes).
PDF statistics:
 235 PDF objects out of 1000 (max. 8388607)
 183 compressed objects within 2 object streams
 50 named destinations out of 1000 (max. 500000)
 117 words of extra memory for PDF output out of 10000 (max. 10000000)

